Using pre-set license

 COMMAND LINE ARGUMENTS:
/Applications/2020.3.0f1/Unity.app/Contents/MacOS/Unity
-adb2
-batchMode
-noUpm
-name
AssetImportWorker0
-projectPath
/Users/mdn/Desktop/dr2/LibPdIntegrationExamples
-logFile
Logs/AssetImportWorker0.log
-srvPort
62749
Successfully changed project path to: /Users/mdn/Desktop/dr2/LibPdIntegrationExamples
/Users/mdn/Desktop/dr2/LibPdIntegrationExamples
Using Asset Import Pipeline V2.
Refreshing native plugins compatible for Editor in 22.98 ms, found 2 plugins.
Preloading 0 native plugins for Editor in 0.00 ms.
Initialize engine version: 2020.3.0f1 (c7b5465681fb)
[Subsystems] Discovering subsystems at path /Applications/2020.3.0f1/Unity.app/Contents/Resources/UnitySubsystems
[Subsystems] Discovering subsystems at path /Users/mdn/Desktop/dr2/LibPdIntegrationExamples/Assets
GfxDevice: creating device client; threaded=0
2021-04-06 18:00:40.300 Unity[18076:659227] Color LCD preferred device: Intel(R) Iris(TM) Plus Graphics (low power)
2021-04-06 18:00:40.300 Unity[18076:659227] Metal devices available: 1
2021-04-06 18:00:40.300 Unity[18076:659227] 0: Intel(R) Iris(TM) Plus Graphics (low power)
2021-04-06 18:00:40.300 Unity[18076:659227] Using device Intel(R) Iris(TM) Plus Graphics (low power)
Initializing Metal device caps: Intel(R) Iris(TM) Plus Graphics
Initialize mono
Mono path[0] = '/Applications/2020.3.0f1/Unity.app/Contents/Managed'
Mono path[1] = '/Applications/2020.3.0f1/Unity.app/Contents/MonoBleedingEdge/lib/mono/unityjit'
Mono config path = '/Applications/2020.3.0f1/Unity.app/Contents/MonoBleedingEdge/etc'
Using monoOptions --debugger-agent=transport=dt_socket,embedding=1,server=y,suspend=n,address=127.0.0.1:56076
Begin MonoManager ReloadAssembly
Registering precompiled unity dll's ...
Register platform support module: /Applications/2020.3.0f1/PlaybackEngines/WebGLSupport/UnityEditor.WebGL.Extensions.dll
Register platform support module: /Applications/2020.3.0f1/Unity.app/Contents/PlaybackEngines/MacStandaloneSupport/UnityEditor.OSXStandalone.Extensions.dll
Register platform support module: /Applications/2020.3.0f1/PlaybackEngines/LuminSupport/UnityEditor.Lumin.Extensions.dll
Registered in 0.000831 seconds.
Native extension for Lumin target not found
Native extension for OSXStandalone target not found
Native extension for WebGL target not found
Refreshing native plugins compatible for Editor in 24.59 ms, found 2 plugins.
Preloading 0 native plugins for Editor in 0.00 ms.
Invoked RoslynAnalysisRunner static constructor.
RoslynAnalysisRunner will not be running.
RoslynAnalysisRunner has terminated.
Mono: successfully reloaded assembly
- Completed reload, in  1.921 seconds
Platform modules already initialized, skipping
Registering precompiled user dll's ...
Registered in 0.000712 seconds.
Begin MonoManager ReloadAssembly
Native extension for Lumin target not found
Native extension for OSXStandalone target not found
Native extension for WebGL target not found
Refreshing native plugins compatible for Editor in 0.28 ms, found 2 plugins.
Preloading 0 native plugins for Editor in 0.00 ms.
Invoked RoslynAnalysisRunner static constructor.
RoslynAnalysisRunner will not be running.
RoslynAnalysisRunner has terminated.
Mono: successfully reloaded assembly
- Completed reload, in  0.982 seconds
Platform modules already initialized, skipping
========================================================================
Worker process is ready to serve import requests
Launching external process: /Applications/2020.3.0f1/Unity.app/Contents/Tools/UnityShaderCompiler
Launched and connected shader compiler UnityShaderCompiler after 0.01 seconds
Refreshing native plugins compatible for Editor in 0.28 ms, found 2 plugins.
Preloading 0 native plugins for Editor in 0.00 ms.
Unloading 1132 Unused Serialized files (Serialized files now loaded: 0)
System memory in use before: 110.6 MB.
System memory in use after: 110.6 MB.

Unloading 18 unused Assets to reduce memory usage. Loaded Objects now: 1566.
Total: 1.468140 ms (FindLiveObjects: 0.154970 ms CreateObjectMapping: 0.032789 ms MarkObjects: 1.206451 ms  DeleteObjects: 0.072648 ms)

========================================================================
Received Import Request.
  path: Assets/StreamingAssets/PdAssets/SpatialisationPatches/SineDrone.pd
  artifactKey: Guid(55f52df84da09804c81d203410a4fdde) Importer(815301076,1909f56bfc062723c751e8b465ee728b)
Start importing Assets/StreamingAssets/PdAssets/SpatialisationPatches/SineDrone.pd using Guid(55f52df84da09804c81d203410a4fdde) Importer(815301076,1909f56bfc062723c751e8b465ee728b)  -> (artifact id: '4cb82d1b647ecadba734c1989fe85dc5') in 0.307701 seconds
  Import took 0.309637 seconds .

========================================================================
Received Import Request.
  Time since last request: 0.151157 seconds.
  path: Assets/StreamingAssets/PdAssets/SpatialisationPatches/SineDrone.pd
  artifactKey: Guid(55f52df84da09804c81d203410a4fdde) Importer(815301076,1909f56bfc062723c751e8b465ee728b)
Start importing Assets/StreamingAssets/PdAssets/SpatialisationPatches/SineDrone.pd using Guid(55f52df84da09804c81d203410a4fdde) Importer(815301076,1909f56bfc062723c751e8b465ee728b)  -> (artifact id: '4cb82d1b647ecadba734c1989fe85dc5') in 0.003588 seconds
  Import took 0.005620 seconds .

========================================================================
Received Prepare
Refreshing native plugins compatible for Editor in 2.56 ms, found 2 plugins.
Preloading 0 native plugins for Editor in 0.00 ms.
Unloading 11 Unused Serialized files (Serialized files now loaded: 0)
System memory in use before: 92.6 MB.
System memory in use after: 92.7 MB.

Unloading 11 unused Assets to reduce memory usage. Loaded Objects now: 1566.
Total: 1.897520 ms (FindLiveObjects: 0.176081 ms CreateObjectMapping: 0.033978 ms MarkObjects: 1.668860 ms  DeleteObjects: 0.017364 ms)

