Using pre-set license

 COMMAND LINE ARGUMENTS:
/Applications/2020.3.0f1/Unity.app/Contents/MacOS/Unity
-adb2
-batchMode
-noUpm
-name
AssetImportWorker0
-projectPath
/Users/mdn/Desktop/dr2/LibPdIntegrationExamples
-logFile
Logs/AssetImportWorker0.log
-srvPort
54762
Successfully changed project path to: /Users/mdn/Desktop/dr2/LibPdIntegrationExamples
/Users/mdn/Desktop/dr2/LibPdIntegrationExamples
Using Asset Import Pipeline V2.
Refreshing native plugins compatible for Editor in 32.72 ms, found 2 plugins.
Preloading 0 native plugins for Editor in 0.00 ms.
Initialize engine version: 2020.3.0f1 (c7b5465681fb)
[Subsystems] Discovering subsystems at path /Applications/2020.3.0f1/Unity.app/Contents/Resources/UnitySubsystems
[Subsystems] Discovering subsystems at path /Users/mdn/Desktop/dr2/LibPdIntegrationExamples/Assets
GfxDevice: creating device client; threaded=0
2021-04-07 17:08:03.993 Unity[6640:840934] Color LCD preferred device: Intel(R) Iris(TM) Plus Graphics (low power)
2021-04-07 17:08:03.993 Unity[6640:840934] Metal devices available: 1
2021-04-07 17:08:03.993 Unity[6640:840934] 0: Intel(R) Iris(TM) Plus Graphics (low power)
2021-04-07 17:08:03.993 Unity[6640:840934] Using device Intel(R) Iris(TM) Plus Graphics (low power)
Initializing Metal device caps: Intel(R) Iris(TM) Plus Graphics
Initialize mono
Mono path[0] = '/Applications/2020.3.0f1/Unity.app/Contents/Managed'
Mono path[1] = '/Applications/2020.3.0f1/Unity.app/Contents/MonoBleedingEdge/lib/mono/unityjit'
Mono config path = '/Applications/2020.3.0f1/Unity.app/Contents/MonoBleedingEdge/etc'
Using monoOptions --debugger-agent=transport=dt_socket,embedding=1,server=y,suspend=n,address=127.0.0.1:56640
Begin MonoManager ReloadAssembly
Registering precompiled unity dll's ...
Register platform support module: /Applications/2020.3.0f1/PlaybackEngines/WebGLSupport/UnityEditor.WebGL.Extensions.dll
Register platform support module: /Applications/2020.3.0f1/Unity.app/Contents/PlaybackEngines/MacStandaloneSupport/UnityEditor.OSXStandalone.Extensions.dll
Register platform support module: /Applications/2020.3.0f1/PlaybackEngines/LuminSupport/UnityEditor.Lumin.Extensions.dll
Registered in 0.001056 seconds.
Native extension for Lumin target not found
Native extension for OSXStandalone target not found
Native extension for WebGL target not found
Refreshing native plugins compatible for Editor in 35.01 ms, found 2 plugins.
Preloading 0 native plugins for Editor in 0.00 ms.
Invoked RoslynAnalysisRunner static constructor.
RoslynAnalysisRunner will not be running.
RoslynAnalysisRunner has terminated.
Mono: successfully reloaded assembly
- Completed reload, in  2.369 seconds
Platform modules already initialized, skipping
Registering precompiled user dll's ...
Registered in 0.000880 seconds.
Begin MonoManager ReloadAssembly
Native extension for Lumin target not found
Native extension for OSXStandalone target not found
Native extension for WebGL target not found
Refreshing native plugins compatible for Editor in 0.36 ms, found 2 plugins.
Preloading 0 native plugins for Editor in 0.00 ms.
Invoked RoslynAnalysisRunner static constructor.
RoslynAnalysisRunner will not be running.
RoslynAnalysisRunner has terminated.
Mono: successfully reloaded assembly
- Completed reload, in  1.200 seconds
Platform modules already initialized, skipping
========================================================================
Worker process is ready to serve import requests
Launching external process: /Applications/2020.3.0f1/Unity.app/Contents/Tools/UnityShaderCompiler
Launched and connected shader compiler UnityShaderCompiler after 0.01 seconds
Refreshing native plugins compatible for Editor in 0.57 ms, found 2 plugins.
Preloading 0 native plugins for Editor in 0.00 ms.
Unloading 1132 Unused Serialized files (Serialized files now loaded: 0)
System memory in use before: 110.7 MB.
System memory in use after: 110.8 MB.

Unloading 18 unused Assets to reduce memory usage. Loaded Objects now: 1566.
Total: 1.941543 ms (FindLiveObjects: 0.185585 ms CreateObjectMapping: 0.053121 ms MarkObjects: 1.617456 ms  DeleteObjects: 0.082698 ms)

========================================================================
Received Import Request.
  path: Assets/StreamingAssets/PdAssets/SpatialisationPatches/main.pd
  artifactKey: Guid(e59518599276741619b461c492a2a531) Importer(815301076,1909f56bfc062723c751e8b465ee728b)
Start importing Assets/StreamingAssets/PdAssets/SpatialisationPatches/main.pd using Guid(e59518599276741619b461c492a2a531) Importer(815301076,1909f56bfc062723c751e8b465ee728b)  -> (artifact id: 'f9877c30574d6c327209eeaa9df188dc') in 0.325890 seconds
  Import took 0.328318 seconds .

========================================================================
Received Prepare
Refreshing native plugins compatible for Editor in 2.14 ms, found 2 plugins.
Preloading 0 native plugins for Editor in 0.00 ms.
Unloading 11 Unused Serialized files (Serialized files now loaded: 0)
System memory in use before: 92.7 MB.
System memory in use after: 92.8 MB.

Unloading 11 unused Assets to reduce memory usage. Loaded Objects now: 1566.
Total: 3.290675 ms (FindLiveObjects: 0.241661 ms CreateObjectMapping: 0.039346 ms MarkObjects: 2.981225 ms  DeleteObjects: 0.026863 ms)

========================================================================
Received Prepare
Registering precompiled user dll's ...
Registered in 0.000940 seconds.
Begin MonoManager ReloadAssembly
Native extension for Lumin target not found
Native extension for OSXStandalone target not found
Native extension for WebGL target not found
Refreshing native plugins compatible for Editor in 0.33 ms, found 2 plugins.
Preloading 0 native plugins for Editor in 0.00 ms.
Invoked RoslynAnalysisRunner static constructor.
RoslynAnalysisRunner will not be running.
RoslynAnalysisRunner has terminated.
Mono: successfully reloaded assembly
- Completed reload, in  0.955 seconds
Platform modules already initialized, skipping
Refreshing native plugins compatible for Editor in 0.44 ms, found 2 plugins.
Preloading 0 native plugins for Editor in 0.00 ms.
Unloading 1126 Unused Serialized files (Serialized files now loaded: 0)
System memory in use before: 115.0 MB.
System memory in use after: 115.0 MB.

Unloading 13 unused Assets to reduce memory usage. Loaded Objects now: 1569.
Total: 1.407192 ms (FindLiveObjects: 0.131702 ms CreateObjectMapping: 0.034877 ms MarkObjects: 1.214313 ms  DeleteObjects: 0.024814 ms)

========================================================================
Received Import Request.
  Time since last request: 89.943095 seconds.
  path: Assets/StreamingAssets/PdAssets/Unity2LibPdPatches
  artifactKey: Guid(853ac0c2356fc594eaa44442915600c8) Importer(815301076,1909f56bfc062723c751e8b465ee728b)
Start importing Assets/StreamingAssets/PdAssets/Unity2LibPdPatches using Guid(853ac0c2356fc594eaa44442915600c8) Importer(815301076,1909f56bfc062723c751e8b465ee728b)  -> (artifact id: 'bd002c4a6419e7a65651fb400f7a1fc3') in 0.003319 seconds
  Import took 0.005239 seconds .

========================================================================
Received Import Request.
  Time since last request: 2.713465 seconds.
  path: Assets/StreamingAssets/PdAssets/SpatialisationPatches/newfile.pd
  artifactKey: Guid(97239e517da054ca4b3564abe6503c9c) Importer(815301076,1909f56bfc062723c751e8b465ee728b)
Start importing Assets/StreamingAssets/PdAssets/SpatialisationPatches/newfile.pd using Guid(97239e517da054ca4b3564abe6503c9c) Importer(815301076,1909f56bfc062723c751e8b465ee728b)  -> (artifact id: 'bda4ebba6824fa8989ae9894f38cf333') in 0.017163 seconds
  Import took 0.020878 seconds .

========================================================================
Received Import Request.
  Time since last request: 0.000633 seconds.
  path: Assets/StreamingAssets/PdAssets/SpatialisationPatches/newfile.pd
  artifactKey: Guid(97239e517da054ca4b3564abe6503c9c) Importer(815301076,1909f56bfc062723c751e8b465ee728b)
Start importing Assets/StreamingAssets/PdAssets/SpatialisationPatches/newfile.pd using Guid(97239e517da054ca4b3564abe6503c9c) Importer(815301076,1909f56bfc062723c751e8b465ee728b)  -> (artifact id: 'bda4ebba6824fa8989ae9894f38cf333') in 0.021217 seconds
  Import took 0.026807 seconds .

========================================================================
Received Import Request.
  Time since last request: 43.587050 seconds.
  path: Assets/StreamingAssets/PdAssets/SpatialisationPatches/patch_editor_abs
  artifactKey: Guid(fcb043294774e4a238b4ac28d637c28a) Importer(815301076,1909f56bfc062723c751e8b465ee728b)
Start importing Assets/StreamingAssets/PdAssets/SpatialisationPatches/patch_editor_abs using Guid(fcb043294774e4a238b4ac28d637c28a) Importer(815301076,1909f56bfc062723c751e8b465ee728b)  -> (artifact id: 'ac13aee2904252afcff159760b7f349f') in 0.001243 seconds
  Import took 0.003215 seconds .

========================================================================
Received Import Request.
  Time since last request: 42.620975 seconds.
  path: Assets/StreamingAssets/PdAssets/SpatialisationPatches/samples
  artifactKey: Guid(69421e6c8b5e3465bb297765d487ad77) Importer(815301076,1909f56bfc062723c751e8b465ee728b)
Start importing Assets/StreamingAssets/PdAssets/SpatialisationPatches/samples using Guid(69421e6c8b5e3465bb297765d487ad77) Importer(815301076,1909f56bfc062723c751e8b465ee728b)  -> (artifact id: '348c3af297d5079a99a0f5053a451b9b') in 0.002045 seconds
  Import took 0.006005 seconds .

========================================================================
Received Prepare
Registering precompiled user dll's ...
Registered in 0.001464 seconds.
Begin MonoManager ReloadAssembly
Native extension for Lumin target not found
Native extension for OSXStandalone target not found
Native extension for WebGL target not found
Refreshing native plugins compatible for Editor in 0.45 ms, found 2 plugins.
Preloading 0 native plugins for Editor in 0.00 ms.
Invoked RoslynAnalysisRunner static constructor.
RoslynAnalysisRunner will not be running.
RoslynAnalysisRunner has terminated.
Mono: successfully reloaded assembly
- Completed reload, in  1.025 seconds
Platform modules already initialized, skipping
Refreshing native plugins compatible for Editor in 0.39 ms, found 2 plugins.
Preloading 0 native plugins for Editor in 0.00 ms.
Unloading 1126 Unused Serialized files (Serialized files now loaded: 0)
System memory in use before: 115.2 MB.
System memory in use after: 115.3 MB.

Unloading 13 unused Assets to reduce memory usage. Loaded Objects now: 1572.
Total: 2.700095 ms (FindLiveObjects: 0.213954 ms CreateObjectMapping: 0.036627 ms MarkObjects: 2.391652 ms  DeleteObjects: 0.055940 ms)

========================================================================
Received Import Request.
  Time since last request: 67.526112 seconds.
  path: Assets/StreamingAssets/PdAssets/SpatialisationPatches/newfile.pd
  artifactKey: Guid(97239e517da054ca4b3564abe6503c9c) Importer(815301076,1909f56bfc062723c751e8b465ee728b)
Start importing Assets/StreamingAssets/PdAssets/SpatialisationPatches/newfile.pd using Guid(97239e517da054ca4b3564abe6503c9c) Importer(815301076,1909f56bfc062723c751e8b465ee728b)  -> (artifact id: '063c444e59d55bd7f837ac255c338dd1') in 0.023248 seconds
  Import took 0.028636 seconds .

========================================================================
Received Import Request.
  Time since last request: 0.022564 seconds.
  path: Assets/StreamingAssets/PdAssets/SpatialisationPatches/newfile.pd
  artifactKey: Guid(97239e517da054ca4b3564abe6503c9c) Importer(815301076,1909f56bfc062723c751e8b465ee728b)
Start importing Assets/StreamingAssets/PdAssets/SpatialisationPatches/newfile.pd using Guid(97239e517da054ca4b3564abe6503c9c) Importer(815301076,1909f56bfc062723c751e8b465ee728b)  -> (artifact id: '063c444e59d55bd7f837ac255c338dd1') in 0.004692 seconds
  Import took 0.007561 seconds .

========================================================================
Received Prepare
Registering precompiled user dll's ...
Registered in 0.000943 seconds.
Begin MonoManager ReloadAssembly
Native extension for Lumin target not found
Native extension for OSXStandalone target not found
Native extension for WebGL target not found
Refreshing native plugins compatible for Editor in 0.35 ms, found 2 plugins.
Preloading 0 native plugins for Editor in 0.00 ms.
Invoked RoslynAnalysisRunner static constructor.
RoslynAnalysisRunner will not be running.
RoslynAnalysisRunner has terminated.
Mono: successfully reloaded assembly
- Completed reload, in  0.877 seconds
Platform modules already initialized, skipping
Refreshing native plugins compatible for Editor in 0.34 ms, found 2 plugins.
Preloading 0 native plugins for Editor in 0.00 ms.
Unloading 1126 Unused Serialized files (Serialized files now loaded: 0)
System memory in use before: 115.4 MB.
System memory in use after: 115.4 MB.

Unloading 13 unused Assets to reduce memory usage. Loaded Objects now: 1575.
Total: 1.426072 ms (FindLiveObjects: 0.162880 ms CreateObjectMapping: 0.032422 ms MarkObjects: 1.207980 ms  DeleteObjects: 0.021113 ms)

========================================================================
Received Prepare
Registering precompiled user dll's ...
Registered in 0.000928 seconds.
Begin MonoManager ReloadAssembly
Native extension for Lumin target not found
Native extension for OSXStandalone target not found
Native extension for WebGL target not found
Refreshing native plugins compatible for Editor in 0.35 ms, found 2 plugins.
Preloading 0 native plugins for Editor in 0.00 ms.
Invoked RoslynAnalysisRunner static constructor.
RoslynAnalysisRunner will not be running.
RoslynAnalysisRunner has terminated.
Mono: successfully reloaded assembly
- Completed reload, in  0.840 seconds
Platform modules already initialized, skipping
Refreshing native plugins compatible for Editor in 0.33 ms, found 2 plugins.
Preloading 0 native plugins for Editor in 0.00 ms.
Unloading 1126 Unused Serialized files (Serialized files now loaded: 0)
System memory in use before: 115.5 MB.
System memory in use after: 115.6 MB.

Unloading 13 unused Assets to reduce memory usage. Loaded Objects now: 1578.
Total: 1.440892 ms (FindLiveObjects: 0.205980 ms CreateObjectMapping: 0.047948 ms MarkObjects: 1.169132 ms  DeleteObjects: 0.015405 ms)

